<?xml version="1.0" encoding="UTF-8"?>
<testng-results ignored="0" total="1" passed="1" failed="0" skipped="0">
  <reporter-output>
  </reporter-output>
  <suite started-at="2024-03-24T14:58:02 IST" name="Default suite" finished-at="2024-03-24T14:58:07 IST" duration-ms="4637">
    <groups>
    </groups>
    <test started-at="2024-03-24T14:58:02 IST" name="Default test" finished-at="2024-03-24T14:58:07 IST" duration-ms="4637">
      <class name="com.test.testModules.HomePageTest">
        <test-method is-config="true" signature="initSuite()[pri:0, instance:com.test.testModules.HomePageTest@6b695b06]" started-at="2024-03-24T14:58:02 IST" name="initSuite" finished-at="2024-03-24T14:58:02 IST" duration-ms="25" status="PASS">
          <reporter-output>
          </reporter-output>
        </test-method> <!-- initSuite -->
        <test-method is-config="true" signature="initMethod()[pri:0, instance:com.test.testModules.HomePageTest@6b695b06]" started-at="2024-03-24T14:58:02 IST" name="initMethod" finished-at="2024-03-24T14:58:07 IST" duration-ms="4598" status="PASS">
          <reporter-output>
          </reporter-output>
        </test-method> <!-- initMethod -->
        <test-method signature="validateSearch()[pri:0, instance:com.test.testModules.HomePageTest@6b695b06]" started-at="2024-03-24T14:58:07 IST" name="validateSearch" finished-at="2024-03-24T14:58:07 IST" duration-ms="5" status="PASS">
          <reporter-output>
          </reporter-output>
        </test-method> <!-- validateSearch -->
        <test-method is-config="true" signature="wrapMethod()[pri:0, instance:com.test.testModules.HomePageTest@6b695b06]" started-at="2024-03-24T14:58:07 IST" name="wrapMethod" finished-at="2024-03-24T14:58:07 IST" duration-ms="1" status="PASS">
          <reporter-output>
          </reporter-output>
        </test-method> <!-- wrapMethod -->
        <test-method is-config="true" signature="wrapSuite()[pri:0, instance:com.test.testModules.HomePageTest@6b695b06]" started-at="2024-03-24T14:58:07 IST" name="wrapSuite" finished-at="2024-03-24T14:58:08 IST" duration-ms="1026" status="PASS">
          <reporter-output>
          </reporter-output>
        </test-method> <!-- wrapSuite -->
      </class> <!-- com.test.testModules.HomePageTest -->
    </test> <!-- Default test -->
  </suite> <!-- Default suite -->
</testng-results>
